<?xml version="1.0" encoding="UTF-8"?>
<coverage generated="1701991734843" clover="3.2.0">
  <project timestamp="1701991734843" name="All files">
    <metrics statements="148" coveredstatements="104" conditionals="41" coveredconditionals="35" methods="63" coveredmethods="39" elements="252" coveredelements="178" complexity="0" loc="148" ncloc="148" packages="4" files="13" classes="13"/>
    <package name=".jest.mocks">
      <metrics statements="0" coveredstatements="0" conditionals="0" coveredconditionals="0" methods="0" coveredmethods="0"/>
      <file name="fileMock.js" path="/home/lana/Documents/projetos-residencia/notebook-react-test/react-test-challenge/.jest/mocks/fileMock.js">
        <metrics statements="0" coveredstatements="0" conditionals="0" coveredconditionals="0" methods="0" coveredmethods="0"/>
      </file>
    </package>
    <package name="src.components">
      <metrics statements="74" coveredstatements="72" conditionals="27" coveredconditionals="27" methods="31" coveredmethods="29"/>
      <file name="contact-card.tsx" path="/home/lana/Documents/projetos-residencia/notebook-react-test/react-test-challenge/src/components/contact-card.tsx">
        <metrics statements="13" coveredstatements="12" conditionals="2" coveredconditionals="2" methods="5" coveredmethods="4"/>
        <line num="19" count="20" type="stmt"/>
        <line num="21" count="20" type="stmt"/>
        <line num="22" count="3" type="stmt"/>
        <line num="25" count="20" type="stmt"/>
        <line num="26" count="0" type="stmt"/>
        <line num="29" count="20" type="stmt"/>
        <line num="30" count="2" type="stmt"/>
        <line num="31" count="2" type="stmt"/>
        <line num="34" count="20" type="stmt"/>
        <line num="35" count="2" type="stmt"/>
        <line num="38" count="20" type="cond" truecount="2" falsecount="0"/>
        <line num="39" count="3" type="stmt"/>
        <line num="48" count="17" type="stmt"/>
      </file>
      <file name="contact-form-card.tsx" path="/home/lana/Documents/projetos-residencia/notebook-react-test/react-test-challenge/src/components/contact-form-card.tsx">
        <metrics statements="15" coveredstatements="15" conditionals="11" coveredconditionals="11" methods="6" coveredmethods="6"/>
        <line num="18" count="23" type="cond" truecount="2" falsecount="0"/>
        <line num="19" count="23" type="cond" truecount="2" falsecount="0"/>
        <line num="20" count="23" type="cond" truecount="2" falsecount="0"/>
        <line num="22" count="23" type="stmt"/>
        <line num="23" count="8" type="stmt"/>
        <line num="30" count="23" type="stmt"/>
        <line num="31" count="8" type="cond" truecount="2" falsecount="0"/>
        <line num="32" count="3" type="stmt"/>
        <line num="35" count="5" type="stmt"/>
        <line num="37" count="5" type="stmt"/>
        <line num="40" count="23" type="stmt"/>
        <line num="42" count="23" type="stmt"/>
        <line num="46" count="3" type="stmt"/>
        <line num="52" count="3" type="stmt"/>
        <line num="58" count="3" type="stmt"/>
      </file>
      <file name="create-contact-card.tsx" path="/home/lana/Documents/projetos-residencia/notebook-react-test/react-test-challenge/src/components/create-contact-card.tsx">
        <metrics statements="9" coveredstatements="9" conditionals="2" coveredconditionals="2" methods="4" coveredmethods="4"/>
        <line num="12" count="17" type="stmt"/>
        <line num="14" count="17" type="stmt"/>
        <line num="15" count="2" type="stmt"/>
        <line num="16" count="2" type="stmt"/>
        <line num="19" count="17" type="stmt"/>
        <line num="20" count="1" type="stmt"/>
        <line num="23" count="17" type="cond" truecount="2" falsecount="0"/>
        <line num="24" count="5" type="stmt"/>
        <line num="27" count="12" type="stmt"/>
      </file>
      <file name="create-note-card.tsx" path="/home/lana/Documents/projetos-residencia/notebook-react-test/react-test-challenge/src/components/create-note-card.tsx">
        <metrics statements="9" coveredstatements="9" conditionals="2" coveredconditionals="2" methods="4" coveredmethods="4"/>
        <line num="12" count="17" type="stmt"/>
        <line num="14" count="17" type="stmt"/>
        <line num="15" count="2" type="stmt"/>
        <line num="16" count="2" type="stmt"/>
        <line num="19" count="17" type="stmt"/>
        <line num="20" count="1" type="stmt"/>
        <line num="23" count="17" type="cond" truecount="2" falsecount="0"/>
        <line num="24" count="5" type="stmt"/>
        <line num="27" count="12" type="stmt"/>
      </file>
      <file name="error.tsx" path="/home/lana/Documents/projetos-residencia/notebook-react-test/react-test-challenge/src/components/error.tsx">
        <metrics statements="1" coveredstatements="1" conditionals="0" coveredconditionals="0" methods="1" coveredmethods="1"/>
        <line num="2" count="3" type="stmt"/>
      </file>
      <file name="loading.tsx" path="/home/lana/Documents/projetos-residencia/notebook-react-test/react-test-challenge/src/components/loading.tsx">
        <metrics statements="1" coveredstatements="1" conditionals="0" coveredconditionals="0" methods="1" coveredmethods="1"/>
        <line num="2" count="3" type="stmt"/>
      </file>
      <file name="note-card.tsx" path="/home/lana/Documents/projetos-residencia/notebook-react-test/react-test-challenge/src/components/note-card.tsx">
        <metrics statements="13" coveredstatements="12" conditionals="2" coveredconditionals="2" methods="5" coveredmethods="4"/>
        <line num="16" count="20" type="stmt"/>
        <line num="18" count="20" type="stmt"/>
        <line num="19" count="3" type="stmt"/>
        <line num="22" count="20" type="stmt"/>
        <line num="23" count="0" type="stmt"/>
        <line num="26" count="20" type="stmt"/>
        <line num="27" count="2" type="stmt"/>
        <line num="28" count="2" type="stmt"/>
        <line num="31" count="20" type="stmt"/>
        <line num="32" count="2" type="stmt"/>
        <line num="35" count="20" type="cond" truecount="2" falsecount="0"/>
        <line num="36" count="3" type="stmt"/>
        <line num="45" count="17" type="stmt"/>
      </file>
      <file name="note-form-card.tsx" path="/home/lana/Documents/projetos-residencia/notebook-react-test/react-test-challenge/src/components/note-form-card.tsx">
        <metrics statements="13" coveredstatements="13" conditionals="8" coveredconditionals="8" methods="5" coveredmethods="5"/>
        <line num="14" count="21" type="cond" truecount="2" falsecount="0"/>
        <line num="15" count="21" type="cond" truecount="2" falsecount="0"/>
        <line num="17" count="21" type="stmt"/>
        <line num="18" count="7" type="cond" truecount="2" falsecount="0"/>
        <line num="21" count="21" type="stmt"/>
        <line num="22" count="7" type="cond" truecount="2" falsecount="0"/>
        <line num="23" count="2" type="stmt"/>
        <line num="26" count="5" type="stmt"/>
        <line num="28" count="5" type="stmt"/>
        <line num="31" count="21" type="stmt"/>
        <line num="33" count="21" type="stmt"/>
        <line num="37" count="4" type="stmt"/>
        <line num="43" count="4" type="stmt"/>
      </file>
    </package>
    <package name="src.hooks">
      <metrics statements="42" coveredstatements="0" conditionals="4" coveredconditionals="0" methods="22" coveredmethods="0"/>
      <file name="contacts.ts" path="/home/lana/Documents/projetos-residencia/notebook-react-test/react-test-challenge/src/hooks/contacts.ts">
        <metrics statements="21" coveredstatements="0" conditionals="2" coveredconditionals="0" methods="11" coveredmethods="0"/>
        <line num="10" count="0" type="stmt"/>
        <line num="13" count="0" type="stmt"/>
        <line num="14" count="0" type="cond" truecount="0" falsecount="2"/>
        <line num="15" count="0" type="stmt"/>
        <line num="18" count="0" type="stmt"/>
        <line num="22" count="0" type="stmt"/>
        <line num="26" count="0" type="stmt"/>
        <line num="28" count="0" type="stmt"/>
        <line num="30" count="0" type="stmt"/>
        <line num="39" count="0" type="stmt"/>
        <line num="43" count="0" type="stmt"/>
        <line num="47" count="0" type="stmt"/>
        <line num="49" count="0" type="stmt"/>
        <line num="51" count="0" type="stmt"/>
        <line num="60" count="0" type="stmt"/>
        <line num="64" count="0" type="stmt"/>
        <line num="68" count="0" type="stmt"/>
        <line num="70" count="0" type="stmt"/>
        <line num="72" count="0" type="stmt"/>
        <line num="77" count="0" type="stmt"/>
        <line num="81" count="0" type="stmt"/>
      </file>
      <file name="notes.ts" path="/home/lana/Documents/projetos-residencia/notebook-react-test/react-test-challenge/src/hooks/notes.ts">
        <metrics statements="21" coveredstatements="0" conditionals="2" coveredconditionals="0" methods="11" coveredmethods="0"/>
        <line num="10" count="0" type="stmt"/>
        <line num="13" count="0" type="stmt"/>
        <line num="14" count="0" type="cond" truecount="0" falsecount="2"/>
        <line num="15" count="0" type="stmt"/>
        <line num="18" count="0" type="stmt"/>
        <line num="22" count="0" type="stmt"/>
        <line num="26" count="0" type="stmt"/>
        <line num="28" count="0" type="stmt"/>
        <line num="30" count="0" type="stmt"/>
        <line num="39" count="0" type="stmt"/>
        <line num="43" count="0" type="stmt"/>
        <line num="47" count="0" type="stmt"/>
        <line num="49" count="0" type="stmt"/>
        <line num="51" count="0" type="stmt"/>
        <line num="60" count="0" type="stmt"/>
        <line num="64" count="0" type="stmt"/>
        <line num="68" count="0" type="stmt"/>
        <line num="70" count="0" type="stmt"/>
        <line num="72" count="0" type="stmt"/>
        <line num="77" count="0" type="stmt"/>
        <line num="81" count="0" type="stmt"/>
      </file>
    </package>
    <package name="src.pages">
      <metrics statements="32" coveredstatements="32" conditionals="10" coveredconditionals="8" methods="10" coveredmethods="10"/>
      <file name="contacts.tsx" path="/home/lana/Documents/projetos-residencia/notebook-react-test/react-test-challenge/src/pages/contacts.tsx">
        <metrics statements="16" coveredstatements="16" conditionals="5" coveredconditionals="4" methods="5" coveredmethods="5"/>
        <line num="16" count="6" type="cond" truecount="0" falsecount="1"/>
        <line num="17" count="6" type="stmt"/>
        <line num="18" count="6" type="stmt"/>
        <line num="19" count="6" type="stmt"/>
        <line num="21" count="6" type="stmt"/>
        <line num="22" count="1" type="stmt"/>
        <line num="25" count="6" type="stmt"/>
        <line num="26" count="1" type="stmt"/>
        <line num="29" count="6" type="stmt"/>
        <line num="30" count="1" type="stmt"/>
        <line num="33" count="6" type="cond" truecount="2" falsecount="0"/>
        <line num="34" count="1" type="stmt"/>
        <line num="37" count="5" type="cond" truecount="2" falsecount="0"/>
        <line num="38" count="1" type="stmt"/>
        <line num="41" count="4" type="stmt"/>
        <line num="46" count="8" type="stmt"/>
      </file>
      <file name="notebook.tsx" path="/home/lana/Documents/projetos-residencia/notebook-react-test/react-test-challenge/src/pages/notebook.tsx">
        <metrics statements="16" coveredstatements="16" conditionals="5" coveredconditionals="4" methods="5" coveredmethods="5"/>
        <line num="16" count="6" type="cond" truecount="0" falsecount="1"/>
        <line num="17" count="6" type="stmt"/>
        <line num="18" count="6" type="stmt"/>
        <line num="19" count="6" type="stmt"/>
        <line num="21" count="6" type="stmt"/>
        <line num="22" count="1" type="stmt"/>
        <line num="25" count="6" type="stmt"/>
        <line num="26" count="1" type="stmt"/>
        <line num="29" count="6" type="stmt"/>
        <line num="30" count="1" type="stmt"/>
        <line num="33" count="6" type="cond" truecount="2" falsecount="0"/>
        <line num="34" count="1" type="stmt"/>
        <line num="37" count="5" type="cond" truecount="2" falsecount="0"/>
        <line num="38" count="1" type="stmt"/>
        <line num="41" count="4" type="stmt"/>
        <line num="46" count="8" type="stmt"/>
      </file>
    </package>
  </project>
</coverage>
