{"/home/lana/Documents/projetos-residencia/notebook-react-test/react-test-challenge/.jest/mocks/fileMock.js": {"path":"/home/lana/Documents/projetos-residencia/notebook-react-test/react-test-challenge/.jest/mocks/fileMock.js","statementMap":{},"fnMap":{},"branchMap":{},"s":{},"f":{},"b":{},"_coverageSchema":"1a1c01bbd47fc00a2c39e90264f33305004495a9","hash":"f0c75739c19b481cc224ec43dc845422462d6216"}
,"/home/lana/Documents/projetos-residencia/notebook-react-test/react-test-challenge/src/components/contact-card.tsx": {"path":"/home/lana/Documents/projetos-residencia/notebook-react-test/react-test-challenge/src/components/contact-card.tsx","statementMap":{"0":{"start":{"line":19,"column":36},"end":{"line":19,"column":51}},"1":{"start":{"line":21,"column":29},"end":{"line":23,"column":3}},"2":{"start":{"line":22,"column":4},"end":{"line":22,"column":23}},"3":{"start":{"line":25,"column":30},"end":{"line":27,"column":3}},"4":{"start":{"line":26,"column":4},"end":{"line":26,"column":24}},"5":{"start":{"line":29,"column":21},"end":{"line":32,"column":3}},"6":{"start":{"line":30,"column":4},"end":{"line":30,"column":44}},"7":{"start":{"line":31,"column":4},"end":{"line":31,"column":24}},"8":{"start":{"line":34,"column":23},"end":{"line":36,"column":3}},"9":{"start":{"line":35,"column":4},"end":{"line":35,"column":25}},"10":{"start":{"line":38,"column":2},"end":{"line":46,"column":3}},"11":{"start":{"line":39,"column":4},"end":{"line":45,"column":6}},"12":{"start":{"line":48,"column":2},"end":{"line":69,"column":4}}},"fnMap":{"0":{"name":"ContactCard","decl":{"start":{"line":18,"column":16},"end":{"line":18,"column":27}},"loc":{"start":{"line":18,"column":77},"end":{"line":70,"column":1}},"line":18},"1":{"name":"(anonymous_1)","decl":{"start":{"line":21,"column":29},"end":{"line":21,"column":30}},"loc":{"start":{"line":21,"column":35},"end":{"line":23,"column":3}},"line":21},"2":{"name":"(anonymous_2)","decl":{"start":{"line":25,"column":30},"end":{"line":25,"column":31}},"loc":{"start":{"line":25,"column":36},"end":{"line":27,"column":3}},"line":25},"3":{"name":"(anonymous_3)","decl":{"start":{"line":29,"column":21},"end":{"line":29,"column":22}},"loc":{"start":{"line":29,"column":52},"end":{"line":32,"column":3}},"line":29},"4":{"name":"(anonymous_4)","decl":{"start":{"line":34,"column":23},"end":{"line":34,"column":24}},"loc":{"start":{"line":34,"column":29},"end":{"line":36,"column":3}},"line":34}},"branchMap":{"0":{"loc":{"start":{"line":38,"column":2},"end":{"line":46,"column":3}},"type":"if","locations":[{"start":{"line":38,"column":2},"end":{"line":46,"column":3}},{"start":{},"end":{}}],"line":38}},"s":{"0":20,"1":20,"2":3,"3":20,"4":0,"5":20,"6":2,"7":2,"8":20,"9":2,"10":20,"11":3,"12":17},"f":{"0":20,"1":3,"2":0,"3":2,"4":2},"b":{"0":[3,17]},"_coverageSchema":"1a1c01bbd47fc00a2c39e90264f33305004495a9","hash":"fbbe012c67afa38d0f1af1f353cf5ea52e9a8325"}
,"/home/lana/Documents/projetos-residencia/notebook-react-test/react-test-challenge/src/components/contact-form-card.tsx": {"path":"/home/lana/Documents/projetos-residencia/notebook-react-test/react-test-challenge/src/components/contact-form-card.tsx","statementMap":{"0":{"start":{"line":18,"column":26},"end":{"line":18,"column":55}},"1":{"start":{"line":19,"column":28},"end":{"line":19,"column":58}},"2":{"start":{"line":20,"column":28},"end":{"line":20,"column":58}},"3":{"start":{"line":22,"column":18},"end":{"line":28,"column":3}},"4":{"start":{"line":23,"column":4},"end":{"line":27,"column":6}},"5":{"start":{"line":30,"column":24},"end":{"line":38,"column":3}},"6":{"start":{"line":31,"column":4},"end":{"line":33,"column":5}},"7":{"start":{"line":32,"column":6},"end":{"line":32,"column":13}},"8":{"start":{"line":35,"column":21},"end":{"line":35,"column":69}},"9":{"start":{"line":37,"column":4},"end":{"line":37,"column":24}},"10":{"start":{"line":40,"column":23},"end":{"line":40,"column":31}},"11":{"start":{"line":42,"column":2},"end":{"line":69,"column":4}},"12":{"start":{"line":46,"column":29},"end":{"line":46,"column":63}},"13":{"start":{"line":52,"column":29},"end":{"line":52,"column":64}},"14":{"start":{"line":58,"column":29},"end":{"line":58,"column":64}}},"fnMap":{"0":{"name":"ContactFormCard","decl":{"start":{"line":13,"column":16},"end":{"line":13,"column":31}},"loc":{"start":{"line":17,"column":25},"end":{"line":70,"column":1}},"line":17},"1":{"name":"(anonymous_1)","decl":{"start":{"line":22,"column":18},"end":{"line":22,"column":19}},"loc":{"start":{"line":22,"column":33},"end":{"line":28,"column":3}},"line":22},"2":{"name":"(anonymous_2)","decl":{"start":{"line":30,"column":24},"end":{"line":30,"column":25}},"loc":{"start":{"line":30,"column":30},"end":{"line":38,"column":3}},"line":30},"3":{"name":"(anonymous_3)","decl":{"start":{"line":46,"column":18},"end":{"line":46,"column":19}},"loc":{"start":{"line":46,"column":29},"end":{"line":46,"column":63}},"line":46},"4":{"name":"(anonymous_4)","decl":{"start":{"line":52,"column":18},"end":{"line":52,"column":19}},"loc":{"start":{"line":52,"column":29},"end":{"line":52,"column":64}},"line":52},"5":{"name":"(anonymous_5)","decl":{"start":{"line":58,"column":18},"end":{"line":58,"column":19}},"loc":{"start":{"line":58,"column":29},"end":{"line":58,"column":64}},"line":58}},"branchMap":{"0":{"loc":{"start":{"line":18,"column":35},"end":{"line":18,"column":54}},"type":"binary-expr","locations":[{"start":{"line":18,"column":35},"end":{"line":18,"column":48}},{"start":{"line":18,"column":52},"end":{"line":18,"column":54}}],"line":18},"1":{"loc":{"start":{"line":19,"column":37},"end":{"line":19,"column":57}},"type":"binary-expr","locations":[{"start":{"line":19,"column":37},"end":{"line":19,"column":51}},{"start":{"line":19,"column":55},"end":{"line":19,"column":57}}],"line":19},"2":{"loc":{"start":{"line":20,"column":37},"end":{"line":20,"column":57}},"type":"binary-expr","locations":[{"start":{"line":20,"column":37},"end":{"line":20,"column":51}},{"start":{"line":20,"column":55},"end":{"line":20,"column":57}}],"line":20},"3":{"loc":{"start":{"line":24,"column":6},"end":{"line":26,"column":31}},"type":"binary-expr","locations":[{"start":{"line":24,"column":6},"end":{"line":24,"column":30}},{"start":{"line":25,"column":6},"end":{"line":25,"column":31}},{"start":{"line":26,"column":6},"end":{"line":26,"column":31}}],"line":24},"4":{"loc":{"start":{"line":31,"column":4},"end":{"line":33,"column":5}},"type":"if","locations":[{"start":{"line":31,"column":4},"end":{"line":33,"column":5}},{"start":{},"end":{}}],"line":31}},"s":{"0":23,"1":23,"2":23,"3":23,"4":8,"5":23,"6":8,"7":3,"8":5,"9":5,"10":23,"11":23,"12":3,"13":3,"14":3},"f":{"0":23,"1":8,"2":8,"3":3,"4":3,"5":3},"b":{"0":[23,11],"1":[23,11],"2":[23,11],"3":[8,7,6],"4":[3,5]},"_coverageSchema":"1a1c01bbd47fc00a2c39e90264f33305004495a9","hash":"959b94223117a77f0d23e696b0926af97d80ee8f"}
,"/home/lana/Documents/projetos-residencia/notebook-react-test/react-test-challenge/src/components/create-contact-card.tsx": {"path":"/home/lana/Documents/projetos-residencia/notebook-react-test/react-test-challenge/src/components/create-contact-card.tsx","statementMap":{"0":{"start":{"line":12,"column":38},"end":{"line":12,"column":53}},"1":{"start":{"line":14,"column":23},"end":{"line":17,"column":3}},"2":{"start":{"line":15,"column":4},"end":{"line":15,"column":23}},"3":{"start":{"line":16,"column":4},"end":{"line":16,"column":25}},"4":{"start":{"line":19,"column":23},"end":{"line":21,"column":3}},"5":{"start":{"line":20,"column":4},"end":{"line":20,"column":25}},"6":{"start":{"line":23,"column":2},"end":{"line":25,"column":3}},"7":{"start":{"line":24,"column":4},"end":{"line":24,"column":80}},"8":{"start":{"line":27,"column":2},"end":{"line":27,"column":64}},"9":{"start":{"line":27,"column":32},"end":{"line":27,"column":51}}},"fnMap":{"0":{"name":"CreateContactCard","decl":{"start":{"line":11,"column":16},"end":{"line":11,"column":33}},"loc":{"start":{"line":11,"column":72},"end":{"line":28,"column":1}},"line":11},"1":{"name":"(anonymous_1)","decl":{"start":{"line":14,"column":23},"end":{"line":14,"column":24}},"loc":{"start":{"line":14,"column":54},"end":{"line":17,"column":3}},"line":14},"2":{"name":"(anonymous_2)","decl":{"start":{"line":19,"column":23},"end":{"line":19,"column":24}},"loc":{"start":{"line":19,"column":29},"end":{"line":21,"column":3}},"line":19},"3":{"name":"(anonymous_3)","decl":{"start":{"line":27,"column":26},"end":{"line":27,"column":27}},"loc":{"start":{"line":27,"column":32},"end":{"line":27,"column":51}},"line":27}},"branchMap":{"0":{"loc":{"start":{"line":23,"column":2},"end":{"line":25,"column":3}},"type":"if","locations":[{"start":{"line":23,"column":2},"end":{"line":25,"column":3}},{"start":{},"end":{}}],"line":23}},"s":{"0":17,"1":17,"2":2,"3":2,"4":17,"5":1,"6":17,"7":5,"8":12,"9":5},"f":{"0":17,"1":2,"2":1,"3":5},"b":{"0":[5,12]},"_coverageSchema":"1a1c01bbd47fc00a2c39e90264f33305004495a9","hash":"f08d8199d9f86e7e21cfe099ef73d85ecb24724d"}
,"/home/lana/Documents/projetos-residencia/notebook-react-test/react-test-challenge/src/components/create-note-card.tsx": {"path":"/home/lana/Documents/projetos-residencia/notebook-react-test/react-test-challenge/src/components/create-note-card.tsx","statementMap":{"0":{"start":{"line":12,"column":38},"end":{"line":12,"column":53}},"1":{"start":{"line":14,"column":23},"end":{"line":17,"column":3}},"2":{"start":{"line":15,"column":4},"end":{"line":15,"column":23}},"3":{"start":{"line":16,"column":4},"end":{"line":16,"column":25}},"4":{"start":{"line":19,"column":23},"end":{"line":21,"column":3}},"5":{"start":{"line":20,"column":4},"end":{"line":20,"column":25}},"6":{"start":{"line":23,"column":2},"end":{"line":25,"column":3}},"7":{"start":{"line":24,"column":4},"end":{"line":24,"column":77}},"8":{"start":{"line":27,"column":2},"end":{"line":27,"column":64}},"9":{"start":{"line":27,"column":32},"end":{"line":27,"column":51}}},"fnMap":{"0":{"name":"CreateNoteCard","decl":{"start":{"line":11,"column":16},"end":{"line":11,"column":30}},"loc":{"start":{"line":11,"column":66},"end":{"line":28,"column":1}},"line":11},"1":{"name":"(anonymous_1)","decl":{"start":{"line":14,"column":23},"end":{"line":14,"column":24}},"loc":{"start":{"line":14,"column":51},"end":{"line":17,"column":3}},"line":14},"2":{"name":"(anonymous_2)","decl":{"start":{"line":19,"column":23},"end":{"line":19,"column":24}},"loc":{"start":{"line":19,"column":29},"end":{"line":21,"column":3}},"line":19},"3":{"name":"(anonymous_3)","decl":{"start":{"line":27,"column":26},"end":{"line":27,"column":27}},"loc":{"start":{"line":27,"column":32},"end":{"line":27,"column":51}},"line":27}},"branchMap":{"0":{"loc":{"start":{"line":23,"column":2},"end":{"line":25,"column":3}},"type":"if","locations":[{"start":{"line":23,"column":2},"end":{"line":25,"column":3}},{"start":{},"end":{}}],"line":23}},"s":{"0":17,"1":17,"2":2,"3":2,"4":17,"5":1,"6":17,"7":5,"8":12,"9":5},"f":{"0":17,"1":2,"2":1,"3":5},"b":{"0":[5,12]},"_coverageSchema":"1a1c01bbd47fc00a2c39e90264f33305004495a9","hash":"d80f39438555e22a941cc74cfea5f128880273a8"}
,"/home/lana/Documents/projetos-residencia/notebook-react-test/react-test-challenge/src/components/error.tsx": {"path":"/home/lana/Documents/projetos-residencia/notebook-react-test/react-test-challenge/src/components/error.tsx","statementMap":{"0":{"start":{"line":2,"column":2},"end":{"line":2,"column":56}}},"fnMap":{"0":{"name":"AppError","decl":{"start":{"line":1,"column":16},"end":{"line":1,"column":24}},"loc":{"start":{"line":1,"column":27},"end":{"line":3,"column":1}},"line":1}},"branchMap":{},"s":{"0":3},"f":{"0":3},"b":{},"_coverageSchema":"1a1c01bbd47fc00a2c39e90264f33305004495a9","hash":"9fb3769c0c18e9a9fd5672cad14c2a4b712f5f19"}
,"/home/lana/Documents/projetos-residencia/notebook-react-test/react-test-challenge/src/components/loading.tsx": {"path":"/home/lana/Documents/projetos-residencia/notebook-react-test/react-test-challenge/src/components/loading.tsx","statementMap":{"0":{"start":{"line":2,"column":2},"end":{"line":2,"column":32}}},"fnMap":{"0":{"name":"Loading","decl":{"start":{"line":1,"column":16},"end":{"line":1,"column":23}},"loc":{"start":{"line":1,"column":26},"end":{"line":3,"column":1}},"line":1}},"branchMap":{},"s":{"0":3},"f":{"0":3},"b":{},"_coverageSchema":"1a1c01bbd47fc00a2c39e90264f33305004495a9","hash":"afca29d12bb2305be0b4d611b98747f5908f3073"}
,"/home/lana/Documents/projetos-residencia/notebook-react-test/react-test-challenge/src/components/note-card.tsx": {"path":"/home/lana/Documents/projetos-residencia/notebook-react-test/react-test-challenge/src/components/note-card.tsx","statementMap":{"0":{"start":{"line":16,"column":36},"end":{"line":16,"column":51}},"1":{"start":{"line":18,"column":29},"end":{"line":20,"column":3}},"2":{"start":{"line":19,"column":4},"end":{"line":19,"column":23}},"3":{"start":{"line":22,"column":30},"end":{"line":24,"column":3}},"4":{"start":{"line":23,"column":4},"end":{"line":23,"column":24}},"5":{"start":{"line":26,"column":21},"end":{"line":29,"column":3}},"6":{"start":{"line":27,"column":4},"end":{"line":27,"column":41}},"7":{"start":{"line":28,"column":4},"end":{"line":28,"column":24}},"8":{"start":{"line":31,"column":23},"end":{"line":33,"column":3}},"9":{"start":{"line":32,"column":4},"end":{"line":32,"column":22}},"10":{"start":{"line":35,"column":2},"end":{"line":43,"column":3}},"11":{"start":{"line":36,"column":4},"end":{"line":42,"column":6}},"12":{"start":{"line":45,"column":2},"end":{"line":55,"column":4}}},"fnMap":{"0":{"name":"NoteCard","decl":{"start":{"line":15,"column":16},"end":{"line":15,"column":24}},"loc":{"start":{"line":15,"column":68},"end":{"line":56,"column":1}},"line":15},"1":{"name":"(anonymous_1)","decl":{"start":{"line":18,"column":29},"end":{"line":18,"column":30}},"loc":{"start":{"line":18,"column":35},"end":{"line":20,"column":3}},"line":18},"2":{"name":"(anonymous_2)","decl":{"start":{"line":22,"column":30},"end":{"line":22,"column":31}},"loc":{"start":{"line":22,"column":36},"end":{"line":24,"column":3}},"line":22},"3":{"name":"(anonymous_3)","decl":{"start":{"line":26,"column":21},"end":{"line":26,"column":22}},"loc":{"start":{"line":26,"column":49},"end":{"line":29,"column":3}},"line":26},"4":{"name":"(anonymous_4)","decl":{"start":{"line":31,"column":23},"end":{"line":31,"column":24}},"loc":{"start":{"line":31,"column":29},"end":{"line":33,"column":3}},"line":31}},"branchMap":{"0":{"loc":{"start":{"line":35,"column":2},"end":{"line":43,"column":3}},"type":"if","locations":[{"start":{"line":35,"column":2},"end":{"line":43,"column":3}},{"start":{},"end":{}}],"line":35}},"s":{"0":20,"1":20,"2":3,"3":20,"4":0,"5":20,"6":2,"7":2,"8":20,"9":2,"10":20,"11":3,"12":17},"f":{"0":20,"1":3,"2":0,"3":2,"4":2},"b":{"0":[3,17]},"_coverageSchema":"1a1c01bbd47fc00a2c39e90264f33305004495a9","hash":"55c7b31eed946f153a06c7a1c18253f46588a232"}
,"/home/lana/Documents/projetos-residencia/notebook-react-test/react-test-challenge/src/components/note-form-card.tsx": {"path":"/home/lana/Documents/projetos-residencia/notebook-react-test/react-test-challenge/src/components/note-form-card.tsx","statementMap":{"0":{"start":{"line":14,"column":28},"end":{"line":14,"column":55}},"1":{"start":{"line":15,"column":40},"end":{"line":15,"column":73}},"2":{"start":{"line":17,"column":18},"end":{"line":19,"column":3}},"3":{"start":{"line":18,"column":4},"end":{"line":18,"column":72}},"4":{"start":{"line":21,"column":24},"end":{"line":29,"column":3}},"5":{"start":{"line":22,"column":4},"end":{"line":24,"column":5}},"6":{"start":{"line":23,"column":6},"end":{"line":23,"column":13}},"7":{"start":{"line":26,"column":21},"end":{"line":26,"column":66}},"8":{"start":{"line":28,"column":4},"end":{"line":28,"column":24}},"9":{"start":{"line":31,"column":23},"end":{"line":31,"column":31}},"10":{"start":{"line":33,"column":2},"end":{"line":54,"column":4}},"11":{"start":{"line":37,"column":29},"end":{"line":37,"column":64}},"12":{"start":{"line":43,"column":29},"end":{"line":43,"column":70}}},"fnMap":{"0":{"name":"NoteFormCard","decl":{"start":{"line":13,"column":16},"end":{"line":13,"column":28}},"loc":{"start":{"line":13,"column":79},"end":{"line":55,"column":1}},"line":13},"1":{"name":"(anonymous_1)","decl":{"start":{"line":17,"column":18},"end":{"line":17,"column":19}},"loc":{"start":{"line":17,"column":33},"end":{"line":19,"column":3}},"line":17},"2":{"name":"(anonymous_2)","decl":{"start":{"line":21,"column":24},"end":{"line":21,"column":25}},"loc":{"start":{"line":21,"column":30},"end":{"line":29,"column":3}},"line":21},"3":{"name":"(anonymous_3)","decl":{"start":{"line":37,"column":18},"end":{"line":37,"column":19}},"loc":{"start":{"line":37,"column":29},"end":{"line":37,"column":64}},"line":37},"4":{"name":"(anonymous_4)","decl":{"start":{"line":43,"column":18},"end":{"line":43,"column":19}},"loc":{"start":{"line":43,"column":29},"end":{"line":43,"column":70}},"line":43}},"branchMap":{"0":{"loc":{"start":{"line":14,"column":37},"end":{"line":14,"column":54}},"type":"binary-expr","locations":[{"start":{"line":14,"column":37},"end":{"line":14,"column":48}},{"start":{"line":14,"column":52},"end":{"line":14,"column":54}}],"line":14},"1":{"loc":{"start":{"line":15,"column":49},"end":{"line":15,"column":72}},"type":"binary-expr","locations":[{"start":{"line":15,"column":49},"end":{"line":15,"column":66}},{"start":{"line":15,"column":70},"end":{"line":15,"column":72}}],"line":15},"2":{"loc":{"start":{"line":18,"column":11},"end":{"line":18,"column":71}},"type":"binary-expr","locations":[{"start":{"line":18,"column":11},"end":{"line":18,"column":36}},{"start":{"line":18,"column":40},"end":{"line":18,"column":71}}],"line":18},"3":{"loc":{"start":{"line":22,"column":4},"end":{"line":24,"column":5}},"type":"if","locations":[{"start":{"line":22,"column":4},"end":{"line":24,"column":5}},{"start":{},"end":{}}],"line":22}},"s":{"0":21,"1":21,"2":21,"3":7,"4":21,"5":7,"6":2,"7":5,"8":5,"9":21,"10":21,"11":4,"12":4},"f":{"0":21,"1":7,"2":7,"3":4,"4":4},"b":{"0":[21,11],"1":[21,11],"2":[7,6],"3":[2,5]},"_coverageSchema":"1a1c01bbd47fc00a2c39e90264f33305004495a9","hash":"2086c35d7992b75c243386f8b3a2259d66d897dc"}
,"/home/lana/Documents/projetos-residencia/notebook-react-test/react-test-challenge/src/hooks/contacts.ts": {"path":"/home/lana/Documents/projetos-residencia/notebook-react-test/react-test-challenge/src/hooks/contacts.ts","statementMap":{"0":{"start":{"line":10,"column":6},"end":{"line":20,"column":4}},"1":{"start":{"line":13,"column":23},"end":{"line":13,"column":68}},"2":{"start":{"line":14,"column":6},"end":{"line":16,"column":7}},"3":{"start":{"line":15,"column":8},"end":{"line":15,"column":74}},"4":{"start":{"line":18,"column":6},"end":{"line":18,"column":29}},"5":{"start":{"line":22,"column":2},"end":{"line":22,"column":42}},"6":{"start":{"line":26,"column":22},"end":{"line":26,"column":38}},"7":{"start":{"line":28,"column":19},"end":{"line":41,"column":4}},"8":{"start":{"line":30,"column":6},"end":{"line":36,"column":9}},"9":{"start":{"line":39,"column":6},"end":{"line":39,"column":64}},"10":{"start":{"line":43,"column":2},"end":{"line":43,"column":18}},"11":{"start":{"line":47,"column":22},"end":{"line":47,"column":38}},"12":{"start":{"line":49,"column":19},"end":{"line":62,"column":4}},"13":{"start":{"line":51,"column":6},"end":{"line":57,"column":9}},"14":{"start":{"line":60,"column":6},"end":{"line":60,"column":64}},"15":{"start":{"line":64,"column":2},"end":{"line":64,"column":18}},"16":{"start":{"line":68,"column":22},"end":{"line":68,"column":38}},"17":{"start":{"line":70,"column":19},"end":{"line":79,"column":4}},"18":{"start":{"line":72,"column":6},"end":{"line":74,"column":9}},"19":{"start":{"line":77,"column":6},"end":{"line":77,"column":64}},"20":{"start":{"line":81,"column":2},"end":{"line":81,"column":18}}},"fnMap":{"0":{"name":"useContacts","decl":{"start":{"line":5,"column":16},"end":{"line":5,"column":27}},"loc":{"start":{"line":5,"column":30},"end":{"line":23,"column":1}},"line":5},"1":{"name":"(anonymous_1)","decl":{"start":{"line":12,"column":13},"end":{"line":12,"column":14}},"loc":{"start":{"line":12,"column":25},"end":{"line":19,"column":5}},"line":12},"2":{"name":"useContactsCreateMutation","decl":{"start":{"line":25,"column":16},"end":{"line":25,"column":41}},"loc":{"start":{"line":25,"column":44},"end":{"line":44,"column":1}},"line":25},"3":{"name":"(anonymous_3)","decl":{"start":{"line":29,"column":16},"end":{"line":29,"column":17}},"loc":{"start":{"line":29,"column":47},"end":{"line":37,"column":5}},"line":29},"4":{"name":"(anonymous_4)","decl":{"start":{"line":38,"column":15},"end":{"line":38,"column":16}},"loc":{"start":{"line":38,"column":21},"end":{"line":40,"column":5}},"line":38},"5":{"name":"useContactsEditMutation","decl":{"start":{"line":46,"column":16},"end":{"line":46,"column":39}},"loc":{"start":{"line":46,"column":42},"end":{"line":65,"column":1}},"line":46},"6":{"name":"(anonymous_6)","decl":{"start":{"line":50,"column":16},"end":{"line":50,"column":17}},"loc":{"start":{"line":50,"column":38},"end":{"line":58,"column":5}},"line":50},"7":{"name":"(anonymous_7)","decl":{"start":{"line":59,"column":15},"end":{"line":59,"column":16}},"loc":{"start":{"line":59,"column":21},"end":{"line":61,"column":5}},"line":59},"8":{"name":"useContactsDeleteMutation","decl":{"start":{"line":67,"column":16},"end":{"line":67,"column":41}},"loc":{"start":{"line":67,"column":44},"end":{"line":82,"column":1}},"line":67},"9":{"name":"(anonymous_9)","decl":{"start":{"line":71,"column":16},"end":{"line":71,"column":17}},"loc":{"start":{"line":71,"column":32},"end":{"line":75,"column":5}},"line":71},"10":{"name":"(anonymous_10)","decl":{"start":{"line":76,"column":15},"end":{"line":76,"column":16}},"loc":{"start":{"line":76,"column":21},"end":{"line":78,"column":5}},"line":76}},"branchMap":{"0":{"loc":{"start":{"line":14,"column":6},"end":{"line":16,"column":7}},"type":"if","locations":[{"start":{"line":14,"column":6},"end":{"line":16,"column":7}},{"start":{},"end":{}}],"line":14}},"s":{"0":0,"1":0,"2":0,"3":0,"4":0,"5":0,"6":0,"7":0,"8":0,"9":0,"10":0,"11":0,"12":0,"13":0,"14":0,"15":0,"16":0,"17":0,"18":0,"19":0,"20":0},"f":{"0":0,"1":0,"2":0,"3":0,"4":0,"5":0,"6":0,"7":0,"8":0,"9":0,"10":0},"b":{"0":[0,0]},"_coverageSchema":"1a1c01bbd47fc00a2c39e90264f33305004495a9","hash":"899270e52ec389b6cf971ccff7942656aad9a8ae"}
,"/home/lana/Documents/projetos-residencia/notebook-react-test/react-test-challenge/src/hooks/notes.ts": {"path":"/home/lana/Documents/projetos-residencia/notebook-react-test/react-test-challenge/src/hooks/notes.ts","statementMap":{"0":{"start":{"line":10,"column":6},"end":{"line":20,"column":4}},"1":{"start":{"line":13,"column":23},"end":{"line":13,"column":65}},"2":{"start":{"line":14,"column":6},"end":{"line":16,"column":7}},"3":{"start":{"line":15,"column":8},"end":{"line":15,"column":71}},"4":{"start":{"line":18,"column":6},"end":{"line":18,"column":29}},"5":{"start":{"line":22,"column":2},"end":{"line":22,"column":39}},"6":{"start":{"line":26,"column":22},"end":{"line":26,"column":38}},"7":{"start":{"line":28,"column":19},"end":{"line":41,"column":4}},"8":{"start":{"line":30,"column":6},"end":{"line":36,"column":9}},"9":{"start":{"line":39,"column":6},"end":{"line":39,"column":61}},"10":{"start":{"line":43,"column":2},"end":{"line":43,"column":18}},"11":{"start":{"line":47,"column":22},"end":{"line":47,"column":38}},"12":{"start":{"line":49,"column":19},"end":{"line":62,"column":4}},"13":{"start":{"line":51,"column":6},"end":{"line":57,"column":9}},"14":{"start":{"line":60,"column":6},"end":{"line":60,"column":61}},"15":{"start":{"line":64,"column":2},"end":{"line":64,"column":18}},"16":{"start":{"line":68,"column":22},"end":{"line":68,"column":38}},"17":{"start":{"line":70,"column":19},"end":{"line":79,"column":4}},"18":{"start":{"line":72,"column":6},"end":{"line":74,"column":9}},"19":{"start":{"line":77,"column":6},"end":{"line":77,"column":61}},"20":{"start":{"line":81,"column":2},"end":{"line":81,"column":18}}},"fnMap":{"0":{"name":"useNotes","decl":{"start":{"line":5,"column":16},"end":{"line":5,"column":24}},"loc":{"start":{"line":5,"column":27},"end":{"line":23,"column":1}},"line":5},"1":{"name":"(anonymous_1)","decl":{"start":{"line":12,"column":13},"end":{"line":12,"column":14}},"loc":{"start":{"line":12,"column":25},"end":{"line":19,"column":5}},"line":12},"2":{"name":"useNotesCreateMutation","decl":{"start":{"line":25,"column":16},"end":{"line":25,"column":38}},"loc":{"start":{"line":25,"column":41},"end":{"line":44,"column":1}},"line":25},"3":{"name":"(anonymous_3)","decl":{"start":{"line":29,"column":16},"end":{"line":29,"column":17}},"loc":{"start":{"line":29,"column":44},"end":{"line":37,"column":5}},"line":29},"4":{"name":"(anonymous_4)","decl":{"start":{"line":38,"column":15},"end":{"line":38,"column":16}},"loc":{"start":{"line":38,"column":21},"end":{"line":40,"column":5}},"line":38},"5":{"name":"useNotesEditMutation","decl":{"start":{"line":46,"column":16},"end":{"line":46,"column":36}},"loc":{"start":{"line":46,"column":39},"end":{"line":65,"column":1}},"line":46},"6":{"name":"(anonymous_6)","decl":{"start":{"line":50,"column":16},"end":{"line":50,"column":17}},"loc":{"start":{"line":50,"column":32},"end":{"line":58,"column":5}},"line":50},"7":{"name":"(anonymous_7)","decl":{"start":{"line":59,"column":15},"end":{"line":59,"column":16}},"loc":{"start":{"line":59,"column":21},"end":{"line":61,"column":5}},"line":59},"8":{"name":"useNotesDeleteMutation","decl":{"start":{"line":67,"column":16},"end":{"line":67,"column":38}},"loc":{"start":{"line":67,"column":41},"end":{"line":82,"column":1}},"line":67},"9":{"name":"(anonymous_9)","decl":{"start":{"line":71,"column":16},"end":{"line":71,"column":17}},"loc":{"start":{"line":71,"column":32},"end":{"line":75,"column":5}},"line":71},"10":{"name":"(anonymous_10)","decl":{"start":{"line":76,"column":15},"end":{"line":76,"column":16}},"loc":{"start":{"line":76,"column":21},"end":{"line":78,"column":5}},"line":76}},"branchMap":{"0":{"loc":{"start":{"line":14,"column":6},"end":{"line":16,"column":7}},"type":"if","locations":[{"start":{"line":14,"column":6},"end":{"line":16,"column":7}},{"start":{},"end":{}}],"line":14}},"s":{"0":0,"1":0,"2":0,"3":0,"4":0,"5":0,"6":0,"7":0,"8":0,"9":0,"10":0,"11":0,"12":0,"13":0,"14":0,"15":0,"16":0,"17":0,"18":0,"19":0,"20":0},"f":{"0":0,"1":0,"2":0,"3":0,"4":0,"5":0,"6":0,"7":0,"8":0,"9":0,"10":0},"b":{"0":[0,0]},"_coverageSchema":"1a1c01bbd47fc00a2c39e90264f33305004495a9","hash":"f386720309dcff2759b760afcd50955980fe0c0e"}
,"/home/lana/Documents/projetos-residencia/notebook-react-test/react-test-challenge/src/pages/contacts.tsx": {"path":"/home/lana/Documents/projetos-residencia/notebook-react-test/react-test-challenge/src/pages/contacts.tsx","statementMap":{"0":{"start":{"line":16,"column":48},"end":{"line":16,"column":61}},"1":{"start":{"line":17,"column":25},"end":{"line":17,"column":52}},"2":{"start":{"line":18,"column":23},"end":{"line":18,"column":48}},"3":{"start":{"line":19,"column":25},"end":{"line":19,"column":52}},"4":{"start":{"line":21,"column":23},"end":{"line":23,"column":3}},"5":{"start":{"line":22,"column":4},"end":{"line":22,"column":36}},"6":{"start":{"line":25,"column":21},"end":{"line":27,"column":3}},"7":{"start":{"line":26,"column":4},"end":{"line":26,"column":33}},"8":{"start":{"line":29,"column":23},"end":{"line":31,"column":3}},"9":{"start":{"line":30,"column":4},"end":{"line":30,"column":30}},"10":{"start":{"line":33,"column":2},"end":{"line":35,"column":3}},"11":{"start":{"line":34,"column":4},"end":{"line":34,"column":23}},"12":{"start":{"line":37,"column":2},"end":{"line":39,"column":3}},"13":{"start":{"line":38,"column":4},"end":{"line":38,"column":24}},"14":{"start":{"line":41,"column":2},"end":{"line":57,"column":4}},"15":{"start":{"line":46,"column":10},"end":{"line":51,"column":12}}},"fnMap":{"0":{"name":"Contacts","decl":{"start":{"line":15,"column":16},"end":{"line":15,"column":24}},"loc":{"start":{"line":15,"column":27},"end":{"line":58,"column":1}},"line":15},"1":{"name":"(anonymous_1)","decl":{"start":{"line":21,"column":23},"end":{"line":21,"column":24}},"loc":{"start":{"line":21,"column":54},"end":{"line":23,"column":3}},"line":21},"2":{"name":"(anonymous_2)","decl":{"start":{"line":25,"column":21},"end":{"line":25,"column":22}},"loc":{"start":{"line":25,"column":43},"end":{"line":27,"column":3}},"line":25},"3":{"name":"(anonymous_3)","decl":{"start":{"line":29,"column":23},"end":{"line":29,"column":24}},"loc":{"start":{"line":29,"column":39},"end":{"line":31,"column":3}},"line":29},"4":{"name":"(anonymous_4)","decl":{"start":{"line":45,"column":22},"end":{"line":45,"column":23}},"loc":{"start":{"line":46,"column":10},"end":{"line":51,"column":12}},"line":46}},"branchMap":{"0":{"loc":{"start":{"line":16,"column":10},"end":{"line":16,"column":23}},"type":"default-arg","locations":[{"start":{"line":16,"column":21},"end":{"line":16,"column":23}}],"line":16},"1":{"loc":{"start":{"line":33,"column":2},"end":{"line":35,"column":3}},"type":"if","locations":[{"start":{"line":33,"column":2},"end":{"line":35,"column":3}},{"start":{},"end":{}}],"line":33},"2":{"loc":{"start":{"line":37,"column":2},"end":{"line":39,"column":3}},"type":"if","locations":[{"start":{"line":37,"column":2},"end":{"line":39,"column":3}},{"start":{},"end":{}}],"line":37}},"s":{"0":6,"1":6,"2":6,"3":6,"4":6,"5":1,"6":6,"7":1,"8":6,"9":1,"10":6,"11":1,"12":5,"13":1,"14":4,"15":8},"f":{"0":6,"1":1,"2":1,"3":1,"4":8},"b":{"0":[0],"1":[1,5],"2":[1,4]},"_coverageSchema":"1a1c01bbd47fc00a2c39e90264f33305004495a9","hash":"3a0b3eafe803623a248a024ec93c3055220385c8"}
,"/home/lana/Documents/projetos-residencia/notebook-react-test/react-test-challenge/src/pages/notebook.tsx": {"path":"/home/lana/Documents/projetos-residencia/notebook-react-test/react-test-challenge/src/pages/notebook.tsx","statementMap":{"0":{"start":{"line":16,"column":45},"end":{"line":16,"column":55}},"1":{"start":{"line":17,"column":25},"end":{"line":17,"column":49}},"2":{"start":{"line":18,"column":23},"end":{"line":18,"column":45}},"3":{"start":{"line":19,"column":25},"end":{"line":19,"column":49}},"4":{"start":{"line":21,"column":23},"end":{"line":23,"column":3}},"5":{"start":{"line":22,"column":4},"end":{"line":22,"column":36}},"6":{"start":{"line":25,"column":21},"end":{"line":27,"column":3}},"7":{"start":{"line":26,"column":4},"end":{"line":26,"column":30}},"8":{"start":{"line":29,"column":23},"end":{"line":31,"column":3}},"9":{"start":{"line":30,"column":4},"end":{"line":30,"column":30}},"10":{"start":{"line":33,"column":2},"end":{"line":35,"column":3}},"11":{"start":{"line":34,"column":4},"end":{"line":34,"column":23}},"12":{"start":{"line":37,"column":2},"end":{"line":39,"column":3}},"13":{"start":{"line":38,"column":4},"end":{"line":38,"column":24}},"14":{"start":{"line":41,"column":2},"end":{"line":57,"column":4}},"15":{"start":{"line":46,"column":10},"end":{"line":51,"column":12}}},"fnMap":{"0":{"name":"Notebook","decl":{"start":{"line":15,"column":16},"end":{"line":15,"column":24}},"loc":{"start":{"line":15,"column":27},"end":{"line":58,"column":1}},"line":15},"1":{"name":"(anonymous_1)","decl":{"start":{"line":21,"column":23},"end":{"line":21,"column":24}},"loc":{"start":{"line":21,"column":51},"end":{"line":23,"column":3}},"line":21},"2":{"name":"(anonymous_2)","decl":{"start":{"line":25,"column":21},"end":{"line":25,"column":22}},"loc":{"start":{"line":25,"column":37},"end":{"line":27,"column":3}},"line":25},"3":{"name":"(anonymous_3)","decl":{"start":{"line":29,"column":23},"end":{"line":29,"column":24}},"loc":{"start":{"line":29,"column":39},"end":{"line":31,"column":3}},"line":29},"4":{"name":"(anonymous_4)","decl":{"start":{"line":45,"column":19},"end":{"line":45,"column":20}},"loc":{"start":{"line":46,"column":10},"end":{"line":51,"column":12}},"line":46}},"branchMap":{"0":{"loc":{"start":{"line":16,"column":10},"end":{"line":16,"column":20}},"type":"default-arg","locations":[{"start":{"line":16,"column":18},"end":{"line":16,"column":20}}],"line":16},"1":{"loc":{"start":{"line":33,"column":2},"end":{"line":35,"column":3}},"type":"if","locations":[{"start":{"line":33,"column":2},"end":{"line":35,"column":3}},{"start":{},"end":{}}],"line":33},"2":{"loc":{"start":{"line":37,"column":2},"end":{"line":39,"column":3}},"type":"if","locations":[{"start":{"line":37,"column":2},"end":{"line":39,"column":3}},{"start":{},"end":{}}],"line":37}},"s":{"0":6,"1":6,"2":6,"3":6,"4":6,"5":1,"6":6,"7":1,"8":6,"9":1,"10":6,"11":1,"12":5,"13":1,"14":4,"15":8},"f":{"0":6,"1":1,"2":1,"3":1,"4":8},"b":{"0":[0],"1":[1,5],"2":[1,4]},"_coverageSchema":"1a1c01bbd47fc00a2c39e90264f33305004495a9","hash":"42048ede8989379f7c5c95bb1ba39d2ec59b2720"}
}
