{"/home/lana/Documents/projetos-residencia/notebook-react-test/react-test-challenge/.jest/mocks/fileMock.js": {"path":"/home/lana/Documents/projetos-residencia/notebook-react-test/react-test-challenge/.jest/mocks/fileMock.js","statementMap":{},"fnMap":{},"branchMap":{},"s":{},"f":{},"b":{},"_coverageSchema":"1a1c01bbd47fc00a2c39e90264f33305004495a9","hash":"f0c75739c19b481cc224ec43dc845422462d6216"}
,"/home/lana/Documents/projetos-residencia/notebook-react-test/react-test-challenge/src/components/contact-card.tsx": {"path":"/home/lana/Documents/projetos-residencia/notebook-react-test/react-test-challenge/src/components/contact-card.tsx","statementMap":{"0":{"start":{"line":19,"column":36},"end":{"line":19,"column":51}},"1":{"start":{"line":21,"column":29},"end":{"line":23,"column":3}},"2":{"start":{"line":22,"column":4},"end":{"line":22,"column":23}},"3":{"start":{"line":25,"column":30},"end":{"line":27,"column":3}},"4":{"start":{"line":26,"column":4},"end":{"line":26,"column":24}},"5":{"start":{"line":29,"column":21},"end":{"line":32,"column":3}},"6":{"start":{"line":30,"column":4},"end":{"line":30,"column":44}},"7":{"start":{"line":31,"column":4},"end":{"line":31,"column":24}},"8":{"start":{"line":34,"column":23},"end":{"line":36,"column":3}},"9":{"start":{"line":35,"column":4},"end":{"line":35,"column":25}},"10":{"start":{"line":38,"column":2},"end":{"line":46,"column":3}},"11":{"start":{"line":39,"column":4},"end":{"line":45,"column":6}},"12":{"start":{"line":48,"column":2},"end":{"line":69,"column":4}}},"fnMap":{"0":{"name":"ContactCard","decl":{"start":{"line":18,"column":16},"end":{"line":18,"column":27}},"loc":{"start":{"line":18,"column":77},"end":{"line":70,"column":1}},"line":18},"1":{"name":"(anonymous_1)","decl":{"start":{"line":21,"column":29},"end":{"line":21,"column":30}},"loc":{"start":{"line":21,"column":35},"end":{"line":23,"column":3}},"line":21},"2":{"name":"(anonymous_2)","decl":{"start":{"line":25,"column":30},"end":{"line":25,"column":31}},"loc":{"start":{"line":25,"column":36},"end":{"line":27,"column":3}},"line":25},"3":{"name":"(anonymous_3)","decl":{"start":{"line":29,"column":21},"end":{"line":29,"column":22}},"loc":{"start":{"line":29,"column":52},"end":{"line":32,"column":3}},"line":29},"4":{"name":"(anonymous_4)","decl":{"start":{"line":34,"column":23},"end":{"line":34,"column":24}},"loc":{"start":{"line":34,"column":29},"end":{"line":36,"column":3}},"line":34}},"branchMap":{"0":{"loc":{"start":{"line":38,"column":2},"end":{"line":46,"column":3}},"type":"if","locations":[{"start":{"line":38,"column":2},"end":{"line":46,"column":3}},{"start":{},"end":{}}],"line":38}},"s":{"0":9,"1":9,"2":2,"3":9,"4":0,"5":9,"6":1,"7":1,"8":9,"9":1,"10":9,"11":2,"12":7},"f":{"0":9,"1":2,"2":0,"3":1,"4":1},"b":{"0":[2,7]},"_coverageSchema":"1a1c01bbd47fc00a2c39e90264f33305004495a9","hash":"fbbe012c67afa38d0f1af1f353cf5ea52e9a8325"}
,"/home/lana/Documents/projetos-residencia/notebook-react-test/react-test-challenge/src/components/contact-form-card.tsx": {"path":"/home/lana/Documents/projetos-residencia/notebook-react-test/react-test-challenge/src/components/contact-form-card.tsx","statementMap":{"0":{"start":{"line":18,"column":26},"end":{"line":18,"column":55}},"1":{"start":{"line":19,"column":28},"end":{"line":19,"column":58}},"2":{"start":{"line":20,"column":28},"end":{"line":20,"column":58}},"3":{"start":{"line":22,"column":18},"end":{"line":28,"column":3}},"4":{"start":{"line":23,"column":4},"end":{"line":27,"column":6}},"5":{"start":{"line":30,"column":24},"end":{"line":38,"column":3}},"6":{"start":{"line":31,"column":4},"end":{"line":33,"column":5}},"7":{"start":{"line":32,"column":6},"end":{"line":32,"column":13}},"8":{"start":{"line":35,"column":21},"end":{"line":35,"column":69}},"9":{"start":{"line":37,"column":4},"end":{"line":37,"column":24}},"10":{"start":{"line":40,"column":23},"end":{"line":40,"column":31}},"11":{"start":{"line":42,"column":2},"end":{"line":69,"column":4}},"12":{"start":{"line":46,"column":29},"end":{"line":46,"column":63}},"13":{"start":{"line":52,"column":29},"end":{"line":52,"column":64}},"14":{"start":{"line":58,"column":29},"end":{"line":58,"column":64}}},"fnMap":{"0":{"name":"ContactFormCard","decl":{"start":{"line":13,"column":16},"end":{"line":13,"column":31}},"loc":{"start":{"line":17,"column":25},"end":{"line":70,"column":1}},"line":17},"1":{"name":"(anonymous_1)","decl":{"start":{"line":22,"column":18},"end":{"line":22,"column":19}},"loc":{"start":{"line":22,"column":33},"end":{"line":28,"column":3}},"line":22},"2":{"name":"(anonymous_2)","decl":{"start":{"line":30,"column":24},"end":{"line":30,"column":25}},"loc":{"start":{"line":30,"column":30},"end":{"line":38,"column":3}},"line":30},"3":{"name":"(anonymous_3)","decl":{"start":{"line":46,"column":18},"end":{"line":46,"column":19}},"loc":{"start":{"line":46,"column":29},"end":{"line":46,"column":63}},"line":46},"4":{"name":"(anonymous_4)","decl":{"start":{"line":52,"column":18},"end":{"line":52,"column":19}},"loc":{"start":{"line":52,"column":29},"end":{"line":52,"column":64}},"line":52},"5":{"name":"(anonymous_5)","decl":{"start":{"line":58,"column":18},"end":{"line":58,"column":19}},"loc":{"start":{"line":58,"column":29},"end":{"line":58,"column":64}},"line":58}},"branchMap":{"0":{"loc":{"start":{"line":18,"column":35},"end":{"line":18,"column":54}},"type":"binary-expr","locations":[{"start":{"line":18,"column":35},"end":{"line":18,"column":48}},{"start":{"line":18,"column":52},"end":{"line":18,"column":54}}],"line":18},"1":{"loc":{"start":{"line":19,"column":37},"end":{"line":19,"column":57}},"type":"binary-expr","locations":[{"start":{"line":19,"column":37},"end":{"line":19,"column":51}},{"start":{"line":19,"column":55},"end":{"line":19,"column":57}}],"line":19},"2":{"loc":{"start":{"line":20,"column":37},"end":{"line":20,"column":57}},"type":"binary-expr","locations":[{"start":{"line":20,"column":37},"end":{"line":20,"column":51}},{"start":{"line":20,"column":55},"end":{"line":20,"column":57}}],"line":20},"3":{"loc":{"start":{"line":24,"column":6},"end":{"line":26,"column":31}},"type":"binary-expr","locations":[{"start":{"line":24,"column":6},"end":{"line":24,"column":30}},{"start":{"line":25,"column":6},"end":{"line":25,"column":31}},{"start":{"line":26,"column":6},"end":{"line":26,"column":31}}],"line":24},"4":{"loc":{"start":{"line":31,"column":4},"end":{"line":33,"column":5}},"type":"if","locations":[{"start":{"line":31,"column":4},"end":{"line":33,"column":5}},{"start":{},"end":{}}],"line":31}},"s":{"0":14,"1":14,"2":14,"3":14,"4":16,"5":14,"6":2,"7":0,"8":2,"9":2,"10":14,"11":14,"12":1,"13":1,"14":1},"f":{"0":14,"1":16,"2":2,"3":1,"4":1,"5":1},"b":{"0":[14,3],"1":[14,3],"2":[14,3],"3":[16,12,11],"4":[0,2]},"_coverageSchema":"1a1c01bbd47fc00a2c39e90264f33305004495a9","hash":"959b94223117a77f0d23e696b0926af97d80ee8f"}
,"/home/lana/Documents/projetos-residencia/notebook-react-test/react-test-challenge/src/components/create-contact-card.tsx": {"path":"/home/lana/Documents/projetos-residencia/notebook-react-test/react-test-challenge/src/components/create-contact-card.tsx","statementMap":{"0":{"start":{"line":12,"column":38},"end":{"line":12,"column":53}},"1":{"start":{"line":14,"column":23},"end":{"line":17,"column":3}},"2":{"start":{"line":15,"column":4},"end":{"line":15,"column":23}},"3":{"start":{"line":16,"column":4},"end":{"line":16,"column":25}},"4":{"start":{"line":19,"column":23},"end":{"line":21,"column":3}},"5":{"start":{"line":20,"column":4},"end":{"line":20,"column":25}},"6":{"start":{"line":23,"column":2},"end":{"line":25,"column":3}},"7":{"start":{"line":24,"column":4},"end":{"line":24,"column":80}},"8":{"start":{"line":27,"column":2},"end":{"line":27,"column":64}},"9":{"start":{"line":27,"column":32},"end":{"line":27,"column":51}}},"fnMap":{"0":{"name":"CreateContactCard","decl":{"start":{"line":11,"column":16},"end":{"line":11,"column":33}},"loc":{"start":{"line":11,"column":72},"end":{"line":28,"column":1}},"line":11},"1":{"name":"(anonymous_1)","decl":{"start":{"line":14,"column":23},"end":{"line":14,"column":24}},"loc":{"start":{"line":14,"column":54},"end":{"line":17,"column":3}},"line":14},"2":{"name":"(anonymous_2)","decl":{"start":{"line":19,"column":23},"end":{"line":19,"column":24}},"loc":{"start":{"line":19,"column":29},"end":{"line":21,"column":3}},"line":19},"3":{"name":"(anonymous_3)","decl":{"start":{"line":27,"column":26},"end":{"line":27,"column":27}},"loc":{"start":{"line":27,"column":32},"end":{"line":27,"column":51}},"line":27}},"branchMap":{"0":{"loc":{"start":{"line":23,"column":2},"end":{"line":25,"column":3}},"type":"if","locations":[{"start":{"line":23,"column":2},"end":{"line":25,"column":3}},{"start":{},"end":{}}],"line":23}},"s":{"0":7,"1":7,"2":0,"3":0,"4":7,"5":0,"6":7,"7":3,"8":4,"9":3},"f":{"0":7,"1":0,"2":0,"3":3},"b":{"0":[3,4]},"_coverageSchema":"1a1c01bbd47fc00a2c39e90264f33305004495a9","hash":"f08d8199d9f86e7e21cfe099ef73d85ecb24724d"}
,"/home/lana/Documents/projetos-residencia/notebook-react-test/react-test-challenge/src/components/note-card.tsx": {"path":"/home/lana/Documents/projetos-residencia/notebook-react-test/react-test-challenge/src/components/note-card.tsx","statementMap":{"0":{"start":{"line":16,"column":36},"end":{"line":16,"column":51}},"1":{"start":{"line":18,"column":29},"end":{"line":20,"column":3}},"2":{"start":{"line":19,"column":4},"end":{"line":19,"column":23}},"3":{"start":{"line":22,"column":30},"end":{"line":24,"column":3}},"4":{"start":{"line":23,"column":4},"end":{"line":23,"column":24}},"5":{"start":{"line":26,"column":21},"end":{"line":29,"column":3}},"6":{"start":{"line":27,"column":4},"end":{"line":27,"column":41}},"7":{"start":{"line":28,"column":4},"end":{"line":28,"column":24}},"8":{"start":{"line":31,"column":23},"end":{"line":33,"column":3}},"9":{"start":{"line":32,"column":4},"end":{"line":32,"column":22}},"10":{"start":{"line":35,"column":2},"end":{"line":43,"column":3}},"11":{"start":{"line":36,"column":4},"end":{"line":42,"column":6}},"12":{"start":{"line":45,"column":2},"end":{"line":55,"column":4}}},"fnMap":{"0":{"name":"NoteCard","decl":{"start":{"line":15,"column":16},"end":{"line":15,"column":24}},"loc":{"start":{"line":15,"column":68},"end":{"line":56,"column":1}},"line":15},"1":{"name":"(anonymous_1)","decl":{"start":{"line":18,"column":29},"end":{"line":18,"column":30}},"loc":{"start":{"line":18,"column":35},"end":{"line":20,"column":3}},"line":18},"2":{"name":"(anonymous_2)","decl":{"start":{"line":22,"column":30},"end":{"line":22,"column":31}},"loc":{"start":{"line":22,"column":36},"end":{"line":24,"column":3}},"line":22},"3":{"name":"(anonymous_3)","decl":{"start":{"line":26,"column":21},"end":{"line":26,"column":22}},"loc":{"start":{"line":26,"column":49},"end":{"line":29,"column":3}},"line":26},"4":{"name":"(anonymous_4)","decl":{"start":{"line":31,"column":23},"end":{"line":31,"column":24}},"loc":{"start":{"line":31,"column":29},"end":{"line":33,"column":3}},"line":31}},"branchMap":{"0":{"loc":{"start":{"line":35,"column":2},"end":{"line":43,"column":3}},"type":"if","locations":[{"start":{"line":35,"column":2},"end":{"line":43,"column":3}},{"start":{},"end":{}}],"line":35}},"s":{"0":8,"1":8,"2":2,"3":8,"4":0,"5":8,"6":1,"7":1,"8":8,"9":0,"10":8,"11":2,"12":6},"f":{"0":8,"1":2,"2":0,"3":1,"4":0},"b":{"0":[2,6]},"_coverageSchema":"1a1c01bbd47fc00a2c39e90264f33305004495a9","hash":"55c7b31eed946f153a06c7a1c18253f46588a232"}
,"/home/lana/Documents/projetos-residencia/notebook-react-test/react-test-challenge/src/components/note-form-card.tsx": {"path":"/home/lana/Documents/projetos-residencia/notebook-react-test/react-test-challenge/src/components/note-form-card.tsx","statementMap":{"0":{"start":{"line":14,"column":28},"end":{"line":14,"column":55}},"1":{"start":{"line":15,"column":40},"end":{"line":15,"column":73}},"2":{"start":{"line":17,"column":18},"end":{"line":19,"column":3}},"3":{"start":{"line":18,"column":4},"end":{"line":18,"column":72}},"4":{"start":{"line":21,"column":24},"end":{"line":29,"column":3}},"5":{"start":{"line":22,"column":4},"end":{"line":24,"column":5}},"6":{"start":{"line":23,"column":6},"end":{"line":23,"column":13}},"7":{"start":{"line":26,"column":21},"end":{"line":26,"column":66}},"8":{"start":{"line":28,"column":4},"end":{"line":28,"column":24}},"9":{"start":{"line":31,"column":23},"end":{"line":31,"column":31}},"10":{"start":{"line":33,"column":2},"end":{"line":54,"column":4}},"11":{"start":{"line":37,"column":29},"end":{"line":37,"column":64}},"12":{"start":{"line":43,"column":29},"end":{"line":43,"column":70}}},"fnMap":{"0":{"name":"NoteFormCard","decl":{"start":{"line":13,"column":16},"end":{"line":13,"column":28}},"loc":{"start":{"line":13,"column":79},"end":{"line":55,"column":1}},"line":13},"1":{"name":"(anonymous_1)","decl":{"start":{"line":17,"column":18},"end":{"line":17,"column":19}},"loc":{"start":{"line":17,"column":33},"end":{"line":19,"column":3}},"line":17},"2":{"name":"(anonymous_2)","decl":{"start":{"line":21,"column":24},"end":{"line":21,"column":25}},"loc":{"start":{"line":21,"column":30},"end":{"line":29,"column":3}},"line":21},"3":{"name":"(anonymous_3)","decl":{"start":{"line":37,"column":18},"end":{"line":37,"column":19}},"loc":{"start":{"line":37,"column":29},"end":{"line":37,"column":64}},"line":37},"4":{"name":"(anonymous_4)","decl":{"start":{"line":43,"column":18},"end":{"line":43,"column":19}},"loc":{"start":{"line":43,"column":29},"end":{"line":43,"column":70}},"line":43}},"branchMap":{"0":{"loc":{"start":{"line":14,"column":37},"end":{"line":14,"column":54}},"type":"binary-expr","locations":[{"start":{"line":14,"column":37},"end":{"line":14,"column":48}},{"start":{"line":14,"column":52},"end":{"line":14,"column":54}}],"line":14},"1":{"loc":{"start":{"line":15,"column":49},"end":{"line":15,"column":72}},"type":"binary-expr","locations":[{"start":{"line":15,"column":49},"end":{"line":15,"column":66}},{"start":{"line":15,"column":70},"end":{"line":15,"column":72}}],"line":15},"2":{"loc":{"start":{"line":18,"column":11},"end":{"line":18,"column":71}},"type":"binary-expr","locations":[{"start":{"line":18,"column":11},"end":{"line":18,"column":36}},{"start":{"line":18,"column":40},"end":{"line":18,"column":71}}],"line":18},"3":{"loc":{"start":{"line":22,"column":4},"end":{"line":24,"column":5}},"type":"if","locations":[{"start":{"line":22,"column":4},"end":{"line":24,"column":5}},{"start":{},"end":{}}],"line":22}},"s":{"0":2,"1":2,"2":2,"3":3,"4":2,"5":1,"6":0,"7":1,"8":1,"9":2,"10":2,"11":0,"12":0},"f":{"0":2,"1":3,"2":1,"3":0,"4":0},"b":{"0":[2,0],"1":[2,0],"2":[3,3],"3":[0,1]},"_coverageSchema":"1a1c01bbd47fc00a2c39e90264f33305004495a9","hash":"2086c35d7992b75c243386f8b3a2259d66d897dc"}
}
