TN:
SF:.jest/mocks/fileMock.js
FNF:0
FNH:0
LF:0
LH:0
BRF:0
BRH:0
end_of_record
TN:
SF:src/components/contact-card.tsx
FN:18,ContactCard
FN:21,(anonymous_1)
FN:25,(anonymous_2)
FN:29,(anonymous_3)
FN:34,(anonymous_4)
FNF:5
FNH:4
FNDA:9,ContactCard
FNDA:2,(anonymous_1)
FNDA:0,(anonymous_2)
FNDA:1,(anonymous_3)
FNDA:1,(anonymous_4)
DA:19,9
DA:21,9
DA:22,2
DA:25,9
DA:26,0
DA:29,9
DA:30,1
DA:31,1
DA:34,9
DA:35,1
DA:38,9
DA:39,2
DA:48,7
LF:13
LH:12
BRDA:38,0,0,2
BRDA:38,0,1,7
BRF:2
BRH:2
end_of_record
TN:
SF:src/components/contact-form-card.tsx
FN:13,ContactFormCard
FN:22,(anonymous_1)
FN:30,(anonymous_2)
FN:46,(anonymous_3)
FN:52,(anonymous_4)
FN:58,(anonymous_5)
FNF:6
FNH:6
FNDA:14,ContactFormCard
FNDA:16,(anonymous_1)
FNDA:2,(anonymous_2)
FNDA:1,(anonymous_3)
FNDA:1,(anonymous_4)
FNDA:1,(anonymous_5)
DA:18,14
DA:19,14
DA:20,14
DA:22,14
DA:23,16
DA:30,14
DA:31,2
DA:32,0
DA:35,2
DA:37,2
DA:40,14
DA:42,14
DA:46,1
DA:52,1
DA:58,1
LF:15
LH:14
BRDA:18,0,0,14
BRDA:18,0,1,3
BRDA:19,1,0,14
BRDA:19,1,1,3
BRDA:20,2,0,14
BRDA:20,2,1,3
BRDA:24,3,0,16
BRDA:24,3,1,12
BRDA:24,3,2,11
BRDA:31,4,0,0
BRDA:31,4,1,2
BRF:11
BRH:10
end_of_record
TN:
SF:src/components/create-contact-card.tsx
FN:11,CreateContactCard
FN:14,(anonymous_1)
FN:19,(anonymous_2)
FN:27,(anonymous_3)
FNF:4
FNH:2
FNDA:7,CreateContactCard
FNDA:0,(anonymous_1)
FNDA:0,(anonymous_2)
FNDA:3,(anonymous_3)
DA:12,7
DA:14,7
DA:15,0
DA:16,0
DA:19,7
DA:20,0
DA:23,7
DA:24,3
DA:27,4
LF:9
LH:6
BRDA:23,0,0,3
BRDA:23,0,1,4
BRF:2
BRH:2
end_of_record
TN:
SF:src/components/note-card.tsx
FN:15,NoteCard
FN:18,(anonymous_1)
FN:22,(anonymous_2)
FN:26,(anonymous_3)
FN:31,(anonymous_4)
FNF:5
FNH:3
FNDA:8,NoteCard
FNDA:2,(anonymous_1)
FNDA:0,(anonymous_2)
FNDA:1,(anonymous_3)
FNDA:0,(anonymous_4)
DA:16,8
DA:18,8
DA:19,2
DA:22,8
DA:23,0
DA:26,8
DA:27,1
DA:28,1
DA:31,8
DA:32,0
DA:35,8
DA:36,2
DA:45,6
LF:13
LH:11
BRDA:35,0,0,2
BRDA:35,0,1,6
BRF:2
BRH:2
end_of_record
TN:
SF:src/components/note-form-card.tsx
FN:13,NoteFormCard
FN:17,(anonymous_1)
FN:21,(anonymous_2)
FN:37,(anonymous_3)
FN:43,(anonymous_4)
FNF:5
FNH:3
FNDA:2,NoteFormCard
FNDA:3,(anonymous_1)
FNDA:1,(anonymous_2)
FNDA:0,(anonymous_3)
FNDA:0,(anonymous_4)
DA:14,2
DA:15,2
DA:17,2
DA:18,3
DA:21,2
DA:22,1
DA:23,0
DA:26,1
DA:28,1
DA:31,2
DA:33,2
DA:37,0
DA:43,0
LF:13
LH:10
BRDA:14,0,0,2
BRDA:14,0,1,0
BRDA:15,1,0,2
BRDA:15,1,1,0
BRDA:18,2,0,3
BRDA:18,2,1,3
BRDA:22,3,0,0
BRDA:22,3,1,1
BRF:8
BRH:5
end_of_record
