TN:
SF:.jest/mocks/fileMock.js
FNF:0
FNH:0
LF:0
LH:0
BRF:0
BRH:0
end_of_record
TN:
SF:src/components/contact-card.tsx
FN:18,ContactCard
FN:21,(anonymous_1)
FN:25,(anonymous_2)
FN:29,(anonymous_3)
FN:34,(anonymous_4)
FNF:5
FNH:4
FNDA:20,ContactCard
FNDA:3,(anonymous_1)
FNDA:0,(anonymous_2)
FNDA:2,(anonymous_3)
FNDA:2,(anonymous_4)
DA:19,20
DA:21,20
DA:22,3
DA:25,20
DA:26,0
DA:29,20
DA:30,2
DA:31,2
DA:34,20
DA:35,2
DA:38,20
DA:39,3
DA:48,17
LF:13
LH:12
BRDA:38,0,0,3
BRDA:38,0,1,17
BRF:2
BRH:2
end_of_record
TN:
SF:src/components/contact-form-card.tsx
FN:13,ContactFormCard
FN:22,(anonymous_1)
FN:30,(anonymous_2)
FN:46,(anonymous_3)
FN:52,(anonymous_4)
FN:58,(anonymous_5)
FNF:6
FNH:6
FNDA:23,ContactFormCard
FNDA:8,(anonymous_1)
FNDA:8,(anonymous_2)
FNDA:3,(anonymous_3)
FNDA:3,(anonymous_4)
FNDA:3,(anonymous_5)
DA:18,23
DA:19,23
DA:20,23
DA:22,23
DA:23,8
DA:30,23
DA:31,8
DA:32,3
DA:35,5
DA:37,5
DA:40,23
DA:42,23
DA:46,3
DA:52,3
DA:58,3
LF:15
LH:15
BRDA:18,0,0,23
BRDA:18,0,1,11
BRDA:19,1,0,23
BRDA:19,1,1,11
BRDA:20,2,0,23
BRDA:20,2,1,11
BRDA:24,3,0,8
BRDA:24,3,1,7
BRDA:24,3,2,6
BRDA:31,4,0,3
BRDA:31,4,1,5
BRF:11
BRH:11
end_of_record
TN:
SF:src/components/create-contact-card.tsx
FN:11,CreateContactCard
FN:14,(anonymous_1)
FN:19,(anonymous_2)
FN:27,(anonymous_3)
FNF:4
FNH:4
FNDA:17,CreateContactCard
FNDA:2,(anonymous_1)
FNDA:1,(anonymous_2)
FNDA:5,(anonymous_3)
DA:12,17
DA:14,17
DA:15,2
DA:16,2
DA:19,17
DA:20,1
DA:23,17
DA:24,5
DA:27,12
LF:9
LH:9
BRDA:23,0,0,5
BRDA:23,0,1,12
BRF:2
BRH:2
end_of_record
TN:
SF:src/components/create-note-card.tsx
FN:11,CreateNoteCard
FN:14,(anonymous_1)
FN:19,(anonymous_2)
FN:27,(anonymous_3)
FNF:4
FNH:4
FNDA:17,CreateNoteCard
FNDA:2,(anonymous_1)
FNDA:1,(anonymous_2)
FNDA:5,(anonymous_3)
DA:12,17
DA:14,17
DA:15,2
DA:16,2
DA:19,17
DA:20,1
DA:23,17
DA:24,5
DA:27,12
LF:9
LH:9
BRDA:23,0,0,5
BRDA:23,0,1,12
BRF:2
BRH:2
end_of_record
TN:
SF:src/components/error.tsx
FN:1,AppError
FNF:1
FNH:1
FNDA:3,AppError
DA:2,3
LF:1
LH:1
BRF:0
BRH:0
end_of_record
TN:
SF:src/components/loading.tsx
FN:1,Loading
FNF:1
FNH:1
FNDA:3,Loading
DA:2,3
LF:1
LH:1
BRF:0
BRH:0
end_of_record
TN:
SF:src/components/note-card.tsx
FN:15,NoteCard
FN:18,(anonymous_1)
FN:22,(anonymous_2)
FN:26,(anonymous_3)
FN:31,(anonymous_4)
FNF:5
FNH:4
FNDA:20,NoteCard
FNDA:3,(anonymous_1)
FNDA:0,(anonymous_2)
FNDA:2,(anonymous_3)
FNDA:2,(anonymous_4)
DA:16,20
DA:18,20
DA:19,3
DA:22,20
DA:23,0
DA:26,20
DA:27,2
DA:28,2
DA:31,20
DA:32,2
DA:35,20
DA:36,3
DA:45,17
LF:13
LH:12
BRDA:35,0,0,3
BRDA:35,0,1,17
BRF:2
BRH:2
end_of_record
TN:
SF:src/components/note-form-card.tsx
FN:13,NoteFormCard
FN:17,(anonymous_1)
FN:21,(anonymous_2)
FN:37,(anonymous_3)
FN:43,(anonymous_4)
FNF:5
FNH:5
FNDA:21,NoteFormCard
FNDA:7,(anonymous_1)
FNDA:7,(anonymous_2)
FNDA:4,(anonymous_3)
FNDA:4,(anonymous_4)
DA:14,21
DA:15,21
DA:17,21
DA:18,7
DA:21,21
DA:22,7
DA:23,2
DA:26,5
DA:28,5
DA:31,21
DA:33,21
DA:37,4
DA:43,4
LF:13
LH:13
BRDA:14,0,0,21
BRDA:14,0,1,11
BRDA:15,1,0,21
BRDA:15,1,1,11
BRDA:18,2,0,7
BRDA:18,2,1,6
BRDA:22,3,0,2
BRDA:22,3,1,5
BRF:8
BRH:8
end_of_record
TN:
SF:src/hooks/contacts.ts
FN:5,useContacts
FN:12,(anonymous_1)
FN:25,useContactsCreateMutation
FN:29,(anonymous_3)
FN:38,(anonymous_4)
FN:46,useContactsEditMutation
FN:50,(anonymous_6)
FN:59,(anonymous_7)
FN:67,useContactsDeleteMutation
FN:71,(anonymous_9)
FN:76,(anonymous_10)
FNF:11
FNH:0
FNDA:0,useContacts
FNDA:0,(anonymous_1)
FNDA:0,useContactsCreateMutation
FNDA:0,(anonymous_3)
FNDA:0,(anonymous_4)
FNDA:0,useContactsEditMutation
FNDA:0,(anonymous_6)
FNDA:0,(anonymous_7)
FNDA:0,useContactsDeleteMutation
FNDA:0,(anonymous_9)
FNDA:0,(anonymous_10)
DA:10,0
DA:13,0
DA:14,0
DA:15,0
DA:18,0
DA:22,0
DA:26,0
DA:28,0
DA:30,0
DA:39,0
DA:43,0
DA:47,0
DA:49,0
DA:51,0
DA:60,0
DA:64,0
DA:68,0
DA:70,0
DA:72,0
DA:77,0
DA:81,0
LF:21
LH:0
BRDA:14,0,0,0
BRDA:14,0,1,0
BRF:2
BRH:0
end_of_record
TN:
SF:src/hooks/notes.ts
FN:5,useNotes
FN:12,(anonymous_1)
FN:25,useNotesCreateMutation
FN:29,(anonymous_3)
FN:38,(anonymous_4)
FN:46,useNotesEditMutation
FN:50,(anonymous_6)
FN:59,(anonymous_7)
FN:67,useNotesDeleteMutation
FN:71,(anonymous_9)
FN:76,(anonymous_10)
FNF:11
FNH:0
FNDA:0,useNotes
FNDA:0,(anonymous_1)
FNDA:0,useNotesCreateMutation
FNDA:0,(anonymous_3)
FNDA:0,(anonymous_4)
FNDA:0,useNotesEditMutation
FNDA:0,(anonymous_6)
FNDA:0,(anonymous_7)
FNDA:0,useNotesDeleteMutation
FNDA:0,(anonymous_9)
FNDA:0,(anonymous_10)
DA:10,0
DA:13,0
DA:14,0
DA:15,0
DA:18,0
DA:22,0
DA:26,0
DA:28,0
DA:30,0
DA:39,0
DA:43,0
DA:47,0
DA:49,0
DA:51,0
DA:60,0
DA:64,0
DA:68,0
DA:70,0
DA:72,0
DA:77,0
DA:81,0
LF:21
LH:0
BRDA:14,0,0,0
BRDA:14,0,1,0
BRF:2
BRH:0
end_of_record
TN:
SF:src/pages/contacts.tsx
FN:15,Contacts
FN:21,(anonymous_1)
FN:25,(anonymous_2)
FN:29,(anonymous_3)
FN:45,(anonymous_4)
FNF:5
FNH:5
FNDA:6,Contacts
FNDA:1,(anonymous_1)
FNDA:1,(anonymous_2)
FNDA:1,(anonymous_3)
FNDA:8,(anonymous_4)
DA:16,6
DA:17,6
DA:18,6
DA:19,6
DA:21,6
DA:22,1
DA:25,6
DA:26,1
DA:29,6
DA:30,1
DA:33,6
DA:34,1
DA:37,5
DA:38,1
DA:41,4
DA:46,8
LF:16
LH:16
BRDA:16,0,0,0
BRDA:33,1,0,1
BRDA:33,1,1,5
BRDA:37,2,0,1
BRDA:37,2,1,4
BRF:5
BRH:4
end_of_record
TN:
SF:src/pages/notebook.tsx
FN:15,Notebook
FN:21,(anonymous_1)
FN:25,(anonymous_2)
FN:29,(anonymous_3)
FN:45,(anonymous_4)
FNF:5
FNH:5
FNDA:6,Notebook
FNDA:1,(anonymous_1)
FNDA:1,(anonymous_2)
FNDA:1,(anonymous_3)
FNDA:8,(anonymous_4)
DA:16,6
DA:17,6
DA:18,6
DA:19,6
DA:21,6
DA:22,1
DA:25,6
DA:26,1
DA:29,6
DA:30,1
DA:33,6
DA:34,1
DA:37,5
DA:38,1
DA:41,4
DA:46,8
LF:16
LH:16
BRDA:16,0,0,0
BRDA:33,1,0,1
BRDA:33,1,1,5
BRDA:37,2,0,1
BRDA:37,2,1,4
BRF:5
BRH:4
end_of_record
